Determining if the pthread_create exist failed with the following output:
Change Dir: /home/ohashi/localization_kitti_ws/catkin_ws/build/CMakeFiles/CMakeTmp

Run Build Command:"/usr/bin/make" "cmTC_94741/fast"
/usr/bin/make -f CMakeFiles/cmTC_94741.dir/build.make CMakeFiles/cmTC_94741.dir/build
make[1]: Entering directory '/home/ohashi/localization_kitti_ws/catkin_ws/build/CMakeFiles/CMakeTmp'
Building C object CMakeFiles/cmTC_94741.dir/CheckSymbolExists.c.o
/usr/bin/cc     -o CMakeFiles/cmTC_94741.dir/CheckSymbolExists.c.o   -c /home/ohashi/localization_kitti_ws/catkin_ws/build/CMakeFiles/CMakeTmp/CheckSymbolExists.c
Linking C executable cmTC_94741
/usr/bin/cmake -E cmake_link_script CMakeFiles/cmTC_94741.dir/link.txt --verbose=1
/usr/bin/cc       CMakeFiles/cmTC_94741.dir/CheckSymbolExists.c.o  -o cmTC_94741 -rdynamic 
CMakeFiles/cmTC_94741.dir/CheckSymbolExists.c.o: In function `main':
CheckSymbolExists.c:(.text+0x16): undefined reference to `pthread_create'
collect2: error: ld returned 1 exit status
CMakeFiles/cmTC_94741.dir/build.make:97: recipe for target 'cmTC_94741' failed
make[1]: *** [cmTC_94741] Error 1
make[1]: Leaving directory '/home/ohashi/localization_kitti_ws/catkin_ws/build/CMakeFiles/CMakeTmp'
Makefile:126: recipe for target 'cmTC_94741/fast' failed
make: *** [cmTC_94741/fast] Error 2

File /home/ohashi/localization_kitti_ws/catkin_ws/build/CMakeFiles/CMakeTmp/CheckSymbolExists.c:
/* */
#include <pthread.h>

int main(int argc, char** argv)
{
  (void)argv;
#ifndef pthread_create
  return ((int*)(&pthread_create))[argc];
#else
  (void)argc;
  return 0;
#endif
}

Determining if the function pthread_create exists in the pthreads failed with the following output:
Change Dir: /home/ohashi/localization_kitti_ws/catkin_ws/build/CMakeFiles/CMakeTmp

Run Build Command:"/usr/bin/make" "cmTC_0d861/fast"
/usr/bin/make -f CMakeFiles/cmTC_0d861.dir/build.make CMakeFiles/cmTC_0d861.dir/build
make[1]: Entering directory '/home/ohashi/localization_kitti_ws/catkin_ws/build/CMakeFiles/CMakeTmp'
Building C object CMakeFiles/cmTC_0d861.dir/CheckFunctionExists.c.o
/usr/bin/cc    -DCHECK_FUNCTION_EXISTS=pthread_create   -o CMakeFiles/cmTC_0d861.dir/CheckFunctionExists.c.o   -c /usr/share/cmake-3.5/Modules/CheckFunctionExists.c
Linking C executable cmTC_0d861
/usr/bin/cmake -E cmake_link_script CMakeFiles/cmTC_0d861.dir/link.txt --verbose=1
/usr/bin/cc   -DCHECK_FUNCTION_EXISTS=pthread_create    CMakeFiles/cmTC_0d861.dir/CheckFunctionExists.c.o  -o cmTC_0d861 -rdynamic -lpthreads 
/usr/bin/ld: cannot find -lpthreads
collect2: error: ld returned 1 exit status
CMakeFiles/cmTC_0d861.dir/build.make:97: recipe for target 'cmTC_0d861' failed
make[1]: *** [cmTC_0d861] Error 1
make[1]: Leaving directory '/home/ohashi/localization_kitti_ws/catkin_ws/build/CMakeFiles/CMakeTmp'
Makefile:126: recipe for target 'cmTC_0d861/fast' failed
make: *** [cmTC_0d861/fast] Error 2


